=================================================================================================
AWS DEPENDENCY VERIFICATION LOG
=================================================================================================

Timestamp: 2024-04-28 15:00:00 UTC
Execution Environment: PENDING (not determined yet)
System Info: PENDING (not determined yet)
Verification Mode: PENDING (Live/Mock)

-------------------------------------------------------------------------------------------------
CONFIGURATION BEING VERIFIED
-------------------------------------------------------------------------------------------------
AWS Region: us-east-1 (AWSRegionType.USEast1)
Cognito Identity Pool ID: us-east-1:ee264a1b-9b89-4e4a-a346-9128da47af97
DynamoDB Table Name: SignalContentHashes
S3 Bucket Name: signal-content-attachments
API Gateway Endpoints:
  - General Operations: https://YOUR_GENERAL_API_GATEWAY_ID.execute-api.us-east-1.amazonaws.com/Stage
  - GetTag: https://YOUR_GETTAG_API_GATEWAY_ID.execute-api.us-east-1.amazonaws.com/Stage

-------------------------------------------------------------------------------------------------
AWS SERVICES VERIFICATION STATUS
-------------------------------------------------------------------------------------------------

1. AWS COGNITO AUTHENTICATION
   Status: PENDING
   Response Time: -- ms
   Identity ID: --
   Error: None
   
   Verification Steps:
   - PENDING: Identity Provider Setup
   - PENDING: Identity ID Retrieval
   - PENDING: Temporary Credentials Access

2. DYNAMODB SERVICE
   Status: PENDING
   Response Time: -- ms
   
   Verification Steps:
   - PENDING: Service Connectivity
   - PENDING: Table Existence (SignalContentHashes)
   - PENDING: Table Structure Validation
   - PENDING: Permission Validation (GetItem, PutItem, DeleteItem)
   
   Table Structure:
   - PENDING: Key Schema Verification
   - PENDING: TTL Attribute Configuration
   - PENDING: Billing Mode Verification

3. API GATEWAY SERVICE
   Status: PENDING
   
   3.1 General Operations Endpoint:
       Status: PENDING
       URL: https://YOUR_GENERAL_API_GATEWAY_ID.execute-api.us-east-1.amazonaws.com/Stage
       Response Time: -- ms
       HTTP Status: --
       Error: None
   
   3.2 GetTag Endpoint:
       Status: PENDING
       URL: https://YOUR_GETTAG_API_GATEWAY_ID.execute-api.us-east-1.amazonaws.com/Stage
       Response Time: -- ms
       HTTP Status: --
       Error: None

4. S3 STORAGE SERVICE
   Status: PENDING
   Response Time: -- ms
   
   Verification Steps:
   - PENDING: Bucket Accessibility (signal-content-attachments)
   - PENDING: Permission Validation

-------------------------------------------------------------------------------------------------
PERFORMANCE METRICS
-------------------------------------------------------------------------------------------------
Service                    | Avg (ms) | Min (ms) | Max (ms) | Std Dev (ms)
---------------------------|----------|----------|----------|-------------
AWS Credentials Validation | --       | --       | --       | --
DynamoDB Operations        | --       | --       | --       | --
API Gateway (General)      | --       | --       | --       | --
API Gateway (GetTag)       | --       | --       | --       | --
S3 Operations              | --       | --       | --       | --

-------------------------------------------------------------------------------------------------
DEPENDENCY DIAGNOSTIC DATA
-------------------------------------------------------------------------------------------------
AWS SDK Version: -- (not determined yet)
AWS SDK Module Load Status:
- AWSCore: PENDING
- AWSDynamoDB: PENDING
- AWSCognitoIdentity: PENDING
- AWSCognitoIdentityProvider: PENDING
- AWSAPIGateway: PENDING
- AWSS3: PENDING
- AWSLambda: PENDING

Network Status:
- Internet Connectivity: PENDING
- DNS Resolution: PENDING
- Endpoint Reachability: PENDING

-------------------------------------------------------------------------------------------------
VERIFICATION SUMMARY
-------------------------------------------------------------------------------------------------
Cognito Authentication: PENDING
DynamoDB Connectivity: PENDING
API Gateway Endpoints: PENDING
S3 Storage: PENDING

OVERALL VERIFICATION STATUS: PENDING

Verification Started: 2024-04-28 15:00:00 UTC
Verification Completed: PENDING
Total Duration: -- seconds

-------------------------------------------------------------------------------------------------
RECOMMENDATIONS AND ACTIONS
-------------------------------------------------------------------------------------------------
PENDING: Recommendations will be generated after verification completes.

=================================================================================================
END OF VERIFICATION LOG
=================================================================================================